<?xml version="1.0" encoding="UTF-8"?>
<testng-results skipped="0" failed="0" ignored="0" total="1" passed="1">
  <reporter-output>
  </reporter-output>
  <suite name="Default suite" duration-ms="18241" started-at="2017-08-04T09:42:42Z" finished-at="2017-08-04T09:43:00Z">
    <groups>
    </groups>
    <test name="Default test" duration-ms="18241" started-at="2017-08-04T09:42:42Z" finished-at="2017-08-04T09:43:00Z">
      <class name="org.seleniumhq.selenium.selenium_server.MvnTest">
        <test-method status="PASS" signature="Open_browser()[pri:0, instance:org.seleniumhq.selenium.selenium_server.MvnTest@53ce1329]" name="Open_browser" is-config="true" duration-ms="12626" started-at="2017-08-04T15:12:42Z" finished-at="2017-08-04T15:12:55Z">
          <reporter-output>
          </reporter-output>
        </test-method> <!-- Open_browser -->
        <test-method status="PASS" signature="Login()[pri:0, instance:org.seleniumhq.selenium.selenium_server.MvnTest@53ce1329]" name="Login" duration-ms="4798" started-at="2017-08-04T15:12:55Z" finished-at="2017-08-04T15:12:59Z">
          <reporter-output>
          </reporter-output>
        </test-method> <!-- Login -->
        <test-method status="PASS" signature="Logout()[pri:0, instance:org.seleniumhq.selenium.selenium_server.MvnTest@53ce1329]" name="Logout" is-config="true" duration-ms="783" started-at="2017-08-04T15:12:59Z" finished-at="2017-08-04T15:13:00Z">
          <reporter-output>
          </reporter-output>
        </test-method> <!-- Logout -->
      </class> <!-- org.seleniumhq.selenium.selenium_server.MvnTest -->
    </test> <!-- Default test -->
  </suite> <!-- Default suite -->
</testng-results>
