<?xml version="1.0" encoding="UTF-8"?>
<testng-results skipped="8" failed="0" total="8" passed="0">
  <reporter-output>
  </reporter-output>
  <suite name="Command line suite" duration-ms="28220" started-at="2017-08-17T09:14:47Z" finished-at="2017-08-17T09:15:15Z">
    <groups>
    </groups>
    <test name="Command line test" duration-ms="28220" started-at="2017-08-17T09:14:47Z" finished-at="2017-08-17T09:15:15Z">
      <class name="PR_Signup.BlankEmailTest">
        <test-method status="SKIP" signature="Email_Validation()[pri:0, instance:PR_Signup.BlankEmailTest@1151e434]" name="Email_Validation" duration-ms="0" started-at="2017-08-17T14:45:15Z" finished-at="2017-08-17T14:45:15Z">
          <reporter-output>
          </reporter-output>
        </test-method> <!-- Email_Validation -->
      </class> <!-- PR_Signup.BlankEmailTest -->
      <class name="PR_Signup.InvalidEmailTest">
        <test-method status="SKIP" signature="InvalidEmail_Validation1()[pri:0, instance:PR_Signup.InvalidEmailTest@7bab3f1a]" name="InvalidEmail_Validation1" duration-ms="0" started-at="2017-08-17T14:45:15Z" finished-at="2017-08-17T14:45:15Z">
          <reporter-output>
          </reporter-output>
        </test-method> <!-- InvalidEmail_Validation1 -->
        <test-method status="SKIP" signature="InvalidEmail_Validation12()[pri:0, instance:PR_Signup.InvalidEmailTest@7bab3f1a]" name="InvalidEmail_Validation12" duration-ms="0" started-at="2017-08-17T14:45:15Z" finished-at="2017-08-17T14:45:15Z">
          <reporter-output>
          </reporter-output>
        </test-method> <!-- InvalidEmail_Validation12 -->
      </class> <!-- PR_Signup.InvalidEmailTest -->
      <class name="PR_Signup.BlankFullNameTest">
        <test-method status="SKIP" signature="FullName_Validation()[pri:0, instance:PR_Signup.BlankFullNameTest@1b11171f]" name="FullName_Validation" duration-ms="0" started-at="2017-08-17T14:45:15Z" finished-at="2017-08-17T14:45:15Z">
          <reporter-output>
          </reporter-output>
        </test-method> <!-- FullName_Validation -->
      </class> <!-- PR_Signup.BlankFullNameTest -->
      <class name="PR_Signup.AppStatusTest">
        <test-method status="PASS" signature="beforeTest()[pri:0, instance:PR_Signup.AppStatusTest@27f981c6]" name="beforeTest" is-config="true" duration-ms="6042" started-at="2017-08-17T14:44:47Z" finished-at="2017-08-17T14:44:53Z">
          <reporter-output>
          </reporter-output>
        </test-method> <!-- beforeTest -->
        <test-method status="PASS" signature="beforeTest()[pri:0, instance:PR_Signup.BlankEmailTest@1151e434]" name="beforeTest" is-config="true" duration-ms="6018" started-at="2017-08-17T14:44:53Z" finished-at="2017-08-17T14:44:59Z">
          <reporter-output>
          </reporter-output>
        </test-method> <!-- beforeTest -->
        <test-method status="PASS" signature="beforeTest()[pri:0, instance:PR_Signup.BlankFullNameTest@1b11171f]" name="beforeTest" is-config="true" duration-ms="6023" started-at="2017-08-17T14:44:59Z" finished-at="2017-08-17T14:45:05Z">
          <reporter-output>
          </reporter-output>
        </test-method> <!-- beforeTest -->
        <test-method status="PASS" signature="beforeTest()[pri:0, instance:PR_Signup.InvalidEmailTest@7bab3f1a]" name="beforeTest" is-config="true" duration-ms="6019" started-at="2017-08-17T14:45:05Z" finished-at="2017-08-17T14:45:11Z">
          <reporter-output>
          </reporter-output>
        </test-method> <!-- beforeTest -->
        <test-method status="FAIL" signature="beforeTest()[pri:0, instance:example.NewTest@4b8ee4de]" name="beforeTest" is-config="true" duration-ms="0" started-at="2017-08-17T14:45:11Z" finished-at="2017-08-17T14:45:11Z">
          <exception class="org.openqa.selenium.WebDriverException">
            <message>
              <![CDATA[chrome not reachable
  (Session info: chrome=60.0.3112.90)
  (Driver info: chromedriver=2.30.477700 (0057494ad8732195794a7b32078424f92a5fce41),platform=Windows NT 10.0.15063 x86_64) (WARNING: The server did not provide any stacktrace information)
Command duration or timeout: 4.02 seconds
Build info: version: '3.4.0', revision: 'unknown', time: 'unknown'
System info: host: 'GATE6-70', ip: '10.1.0.144', os.name: 'Windows 10', os.arch: 'amd64', os.version: '10.0', java.version: '1.8.0_144'
Driver info: org.openqa.selenium.chrome.ChromeDriver
Capabilities [{applicationCacheEnabled=false, rotatable=false, mobileEmulationEnabled=false, networkConnectionEnabled=false, chrome={chromedriverVersion=2.30.477700 (0057494ad8732195794a7b32078424f92a5fce41), userDataDir=C:\Users\Owner\AppData\Local\Temp\scoped_dir10868_14794}, takesHeapSnapshot=true, pageLoadStrategy=normal, databaseEnabled=false, handlesAlerts=true, hasTouchScreen=false, version=60.0.3112.90, platform=XP, browserConnectionEnabled=false, nativeEvents=true, acceptSslCerts=true, locationContextEnabled=true, webStorageEnabled=true, browserName=chrome, takesScreenshot=true, javascriptEnabled=true, cssSelectorsEnabled=true, unexpectedAlertBehaviour=}]
Session ID: 97134502b42b9a0a3eb0ca02e3ceedac]]>
            </message>
            <full-stacktrace>
              <![CDATA[org.openqa.selenium.WebDriverException: chrome not reachable
  (Session info: chrome=60.0.3112.90)
  (Driver info: chromedriver=2.30.477700 (0057494ad8732195794a7b32078424f92a5fce41),platform=Windows NT 10.0.15063 x86_64) (WARNING: The server did not provide any stacktrace information)
Command duration or timeout: 4.02 seconds
Build info: version: '3.4.0', revision: 'unknown', time: 'unknown'
System info: host: 'GATE6-70', ip: '10.1.0.144', os.name: 'Windows 10', os.arch: 'amd64', os.version: '10.0', java.version: '1.8.0_144'
Driver info: org.openqa.selenium.chrome.ChromeDriver
Capabilities [{applicationCacheEnabled=false, rotatable=false, mobileEmulationEnabled=false, networkConnectionEnabled=false, chrome={chromedriverVersion=2.30.477700 (0057494ad8732195794a7b32078424f92a5fce41), userDataDir=C:\Users\Owner\AppData\Local\Temp\scoped_dir10868_14794}, takesHeapSnapshot=true, pageLoadStrategy=normal, databaseEnabled=false, handlesAlerts=true, hasTouchScreen=false, version=60.0.3112.90, platform=XP, browserConnectionEnabled=false, nativeEvents=true, acceptSslCerts=true, locationContextEnabled=true, webStorageEnabled=true, browserName=chrome, takesScreenshot=true, javascriptEnabled=true, cssSelectorsEnabled=true, unexpectedAlertBehaviour=}]
Session ID: 97134502b42b9a0a3eb0ca02e3ceedac
	at sun.reflect.NativeConstructorAccessorImpl.newInstance0(Native Method)
	at sun.reflect.NativeConstructorAccessorImpl.newInstance(NativeConstructorAccessorImpl.java:62)
	at sun.reflect.DelegatingConstructorAccessorImpl.newInstance(DelegatingConstructorAccessorImpl.java:45)
	at java.lang.reflect.Constructor.newInstance(Constructor.java:423)
	at org.openqa.selenium.remote.ErrorHandler.createThrowable(ErrorHandler.java:215)
	at org.openqa.selenium.remote.ErrorHandler.throwIfResponseFailed(ErrorHandler.java:167)
	at org.openqa.selenium.remote.RemoteWebDriver.execute(RemoteWebDriver.java:671)
	at org.openqa.selenium.remote.RemoteWebDriver.get(RemoteWebDriver.java:364)
	at example.NewTest.beforeTest(NewTest.java:27)
	at sun.reflect.NativeMethodAccessorImpl.invoke0(Native Method)
	at sun.reflect.NativeMethodAccessorImpl.invoke(NativeMethodAccessorImpl.java:62)
	at sun.reflect.DelegatingMethodAccessorImpl.invoke(DelegatingMethodAccessorImpl.java:43)
	at java.lang.reflect.Method.invoke(Method.java:498)
	at org.testng.internal.MethodInvocationHelper.invokeMethod(MethodInvocationHelper.java:80)
	at org.testng.internal.Invoker.invokeConfigurationMethod(Invoker.java:564)
	at org.testng.internal.Invoker.invokeConfigurations(Invoker.java:213)
	at org.testng.internal.Invoker.invokeConfigurations(Invoker.java:138)
	at org.testng.TestRunner.beforeRun(TestRunner.java:641)
	at org.testng.TestRunner.run(TestRunner.java:609)
	at org.testng.SuiteRunner.runTest(SuiteRunner.java:334)
	at org.testng.SuiteRunner.runSequentially(SuiteRunner.java:329)
	at org.testng.SuiteRunner.privateRun(SuiteRunner.java:291)
	at org.testng.SuiteRunner.run(SuiteRunner.java:240)
	at org.testng.SuiteRunnerWorker.runSuite(SuiteRunnerWorker.java:52)
	at org.testng.SuiteRunnerWorker.run(SuiteRunnerWorker.java:86)
	at org.testng.TestNG.runSuitesSequentially(TestNG.java:1198)
	at org.testng.TestNG.runSuitesLocally(TestNG.java:1123)
	at org.testng.TestNG.run(TestNG.java:1031)
	at org.apache.maven.surefire.testng.TestNGExecutor.run(TestNGExecutor.java:77)
	at org.apache.maven.surefire.testng.TestNGDirectoryTestSuite.executeMulti(TestNGDirectoryTestSuite.java:159)
	at org.apache.maven.surefire.testng.TestNGDirectoryTestSuite.execute(TestNGDirectoryTestSuite.java:99)
	at org.apache.maven.surefire.testng.TestNGProvider.invoke(TestNGProvider.java:106)
	at sun.reflect.NativeMethodAccessorImpl.invoke0(Native Method)
	at sun.reflect.NativeMethodAccessorImpl.invoke(NativeMethodAccessorImpl.java:62)
	at sun.reflect.DelegatingMethodAccessorImpl.invoke(DelegatingMethodAccessorImpl.java:43)
	at java.lang.reflect.Method.invoke(Method.java:498)
	at org.apache.maven.surefire.util.ReflectionUtils.invokeMethodWithArray(ReflectionUtils.java:189)
	at org.apache.maven.surefire.booter.ProviderFactory$ProviderProxy.invoke(ProviderFactory.java:165)
	at org.apache.maven.surefire.booter.ProviderFactory.invokeProvider(ProviderFactory.java:85)
	at org.apache.maven.surefire.booter.ForkedBooter.runSuitesInProcess(ForkedBooter.java:115)
	at org.apache.maven.surefire.booter.ForkedBooter.main(ForkedBooter.java:75)
]]>
            </full-stacktrace>
          </exception> <!-- org.openqa.selenium.WebDriverException -->
          <reporter-output>
          </reporter-output>
        </test-method> <!-- beforeTest -->
        <test-method status="SKIP" signature="beforeTest()[pri:0, instance:PR_Signup.ValidSignupTest@47d9a273]" name="beforeTest" is-config="true" duration-ms="0" started-at="2017-08-17T14:45:15Z" finished-at="2017-08-17T14:45:15Z">
          <reporter-output>
          </reporter-output>
        </test-method> <!-- beforeTest -->
        <test-method status="SKIP" signature="beforeTest()[pri:0, instance:PR_Signup.SocialFacebookSignUpTest@4659191b]" name="beforeTest" is-config="true" duration-ms="0" started-at="2017-08-17T14:45:15Z" finished-at="2017-08-17T14:45:15Z">
          <reporter-output>
          </reporter-output>
        </test-method> <!-- beforeTest -->
        <test-method status="SKIP" signature="CheckApp_Status()[pri:0, instance:PR_Signup.AppStatusTest@27f981c6]" name="CheckApp_Status" duration-ms="1" started-at="2017-08-17T14:45:15Z" finished-at="2017-08-17T14:45:15Z">
          <reporter-output>
          </reporter-output>
        </test-method> <!-- CheckApp_Status -->
        <test-method status="SKIP" signature="afterTest()[pri:0, instance:PR_Signup.BlankEmailTest@1151e434]" name="afterTest" is-config="true" duration-ms="0" started-at="2017-08-17T14:45:15Z" finished-at="2017-08-17T14:45:15Z">
          <reporter-output>
          </reporter-output>
        </test-method> <!-- afterTest -->
        <test-method status="SKIP" signature="afterTest()[pri:0, instance:PR_Signup.AppStatusTest@27f981c6]" name="afterTest" is-config="true" duration-ms="0" started-at="2017-08-17T14:45:15Z" finished-at="2017-08-17T14:45:15Z">
          <reporter-output>
          </reporter-output>
        </test-method> <!-- afterTest -->
        <test-method status="SKIP" signature="afterTest()[pri:0, instance:PR_Signup.BlankFullNameTest@1b11171f]" name="afterTest" is-config="true" duration-ms="0" started-at="2017-08-17T14:45:15Z" finished-at="2017-08-17T14:45:15Z">
          <reporter-output>
          </reporter-output>
        </test-method> <!-- afterTest -->
        <test-method status="SKIP" signature="afterTest()[pri:0, instance:PR_Signup.ValidSignupTest@47d9a273]" name="afterTest" is-config="true" duration-ms="0" started-at="2017-08-17T14:45:15Z" finished-at="2017-08-17T14:45:15Z">
          <reporter-output>
          </reporter-output>
        </test-method> <!-- afterTest -->
        <test-method status="SKIP" signature="afterTest()[pri:0, instance:example.NewTest@4b8ee4de]" name="afterTest" is-config="true" duration-ms="0" started-at="2017-08-17T14:45:15Z" finished-at="2017-08-17T14:45:15Z">
          <reporter-output>
          </reporter-output>
        </test-method> <!-- afterTest -->
        <test-method status="SKIP" signature="afterTest()[pri:0, instance:PR_Signup.InvalidEmailTest@7bab3f1a]" name="afterTest" is-config="true" duration-ms="0" started-at="2017-08-17T14:45:15Z" finished-at="2017-08-17T14:45:15Z">
          <reporter-output>
          </reporter-output>
        </test-method> <!-- afterTest -->
        <test-method status="SKIP" signature="afterTest()[pri:0, instance:PR_Signup.SocialFacebookSignUpTest@4659191b]" name="afterTest" is-config="true" duration-ms="0" started-at="2017-08-17T14:45:15Z" finished-at="2017-08-17T14:45:15Z">
          <reporter-output>
          </reporter-output>
        </test-method> <!-- afterTest -->
      </class> <!-- PR_Signup.AppStatusTest -->
      <class name="PR_Signup.SocialFacebookSignUpTest">
        <test-method status="SKIP" signature="Email_Validation()[pri:0, instance:PR_Signup.SocialFacebookSignUpTest@4659191b]" name="Email_Validation" duration-ms="0" started-at="2017-08-17T14:45:15Z" finished-at="2017-08-17T14:45:15Z">
          <reporter-output>
          </reporter-output>
        </test-method> <!-- Email_Validation -->
      </class> <!-- PR_Signup.SocialFacebookSignUpTest -->
      <class name="example.NewTest">
        <test-method status="SKIP" signature="testEasy()[pri:0, instance:example.NewTest@4b8ee4de]" name="testEasy" duration-ms="1" started-at="2017-08-17T14:45:15Z" finished-at="2017-08-17T14:45:15Z">
          <reporter-output>
          </reporter-output>
        </test-method> <!-- testEasy -->
      </class> <!-- example.NewTest -->
      <class name="PR_Signup.ValidSignupTest">
        <test-method status="SKIP" signature="Email_Validation()[pri:0, instance:PR_Signup.ValidSignupTest@47d9a273]" name="Email_Validation" duration-ms="0" started-at="2017-08-17T14:45:15Z" finished-at="2017-08-17T14:45:15Z">
          <reporter-output>
          </reporter-output>
        </test-method> <!-- Email_Validation -->
      </class> <!-- PR_Signup.ValidSignupTest -->
    </test> <!-- Command line test -->
  </suite> <!-- Command line suite -->
</testng-results>
