<?xml version="1.0" encoding="UTF-8"?>
<testng-results skipped="0" failed="0" total="1" passed="1">
  <reporter-output>
  </reporter-output>
  <suite name="Default suite" duration-ms="29785" started-at="2017-08-17T11:40:39Z" finished-at="2017-08-17T11:41:09Z">
    <groups>
    </groups>
    <test name="Default test" duration-ms="29785" started-at="2017-08-17T11:40:39Z" finished-at="2017-08-17T11:41:09Z">
      <class name="PR_Signup.ValidSignupTest">
        <test-method status="PASS" signature="beforeTest()[pri:0, instance:PR_Signup.ValidSignupTest@e350b40]" name="beforeTest" is-config="true" duration-ms="54" started-at="2017-08-17T17:10:39Z" finished-at="2017-08-17T17:10:39Z">
          <reporter-output>
          </reporter-output>
        </test-method> <!-- beforeTest -->
        <test-method status="PASS" signature="Email_Validation()[pri:0, instance:PR_Signup.ValidSignupTest@e350b40]" name="Email_Validation" duration-ms="26585" started-at="2017-08-17T17:10:39Z" finished-at="2017-08-17T17:11:06Z">
          <reporter-output>
          </reporter-output>
        </test-method> <!-- Email_Validation -->
        <test-method status="PASS" signature="afterTest()[pri:0, instance:PR_Signup.ValidSignupTest@e350b40]" name="afterTest" is-config="true" duration-ms="3115" started-at="2017-08-17T17:11:06Z" finished-at="2017-08-17T17:11:09Z">
          <reporter-output>
          </reporter-output>
        </test-method> <!-- afterTest -->
      </class> <!-- PR_Signup.ValidSignupTest -->
    </test> <!-- Default test -->
  </suite> <!-- Default suite -->
</testng-results>
