<?xml version="1.0" encoding="UTF-8"?>
<testng-results skipped="0" failed="0" total="1" passed="1">
  <reporter-output>
  </reporter-output>
  <suite name="Default suite" duration-ms="38302" started-at="2017-08-16T06:59:58Z" finished-at="2017-08-16T07:00:36Z">
    <groups>
    </groups>
    <test name="Default test" duration-ms="38302" started-at="2017-08-16T06:59:58Z" finished-at="2017-08-16T07:00:36Z">
      <class name="PR_Signup.AppStatusTest">
        <test-method status="PASS" signature="beforeTest()[pri:0, instance:PR_Signup.AppStatusTest@d86a6f]" name="beforeTest" is-config="true" duration-ms="1382" started-at="2017-08-16T12:29:58Z" finished-at="2017-08-16T12:29:59Z">
          <reporter-output>
          </reporter-output>
        </test-method> <!-- beforeTest -->
        <test-method status="PASS" signature="CheckApp_Status()[pri:0, instance:PR_Signup.AppStatusTest@d86a6f]" name="CheckApp_Status" duration-ms="34529" started-at="2017-08-16T12:29:59Z" finished-at="2017-08-16T12:30:34Z">
          <reporter-output>
          </reporter-output>
        </test-method> <!-- CheckApp_Status -->
        <test-method status="PASS" signature="afterTest()[pri:0, instance:PR_Signup.AppStatusTest@d86a6f]" name="afterTest" is-config="true" duration-ms="2352" started-at="2017-08-16T12:30:34Z" finished-at="2017-08-16T12:30:36Z">
          <reporter-output>
          </reporter-output>
        </test-method> <!-- afterTest -->
      </class> <!-- PR_Signup.AppStatusTest -->
    </test> <!-- Default test -->
  </suite> <!-- Default suite -->
</testng-results>
