<?xml version="1.0" encoding="UTF-8"?>
<!-- Generated by org.testng.reporters.JUnitXMLReporter -->
<testsuite hostname="Gate6-122" ignored="0" name="Default test" tests="3" failures="0" timestamp="14 Jul 2017 12:36:43 GMT" time="94.911" errors="0">
  <testcase name="loginlogout" time="39.435" classname="Signup_Login.SeleniumGrid"/>
  <testcase name="verifyremembermecheckbox" time="25.185" classname="Signup_Login.SeleniumGrid"/>
  <testcase name="testforgetpassword" time="18.734" classname="Signup_Login.SeleniumGrid"/>
</testsuite> <!-- Default test -->
