<?xml version="1.0" encoding="UTF-8"?>
<testng-results skipped="0" failed="0" ignored="0" total="3" passed="3">
  <reporter-output>
  </reporter-output>
  <suite name="Default suite" duration-ms="94911" started-at="2017-07-14T12:35:08Z" finished-at="2017-07-14T12:36:42Z">
    <groups>
    </groups>
    <test name="Default test" duration-ms="94911" started-at="2017-07-14T12:35:08Z" finished-at="2017-07-14T12:36:42Z">
      <class name="Signup_Login.SeleniumGrid">
        <test-method status="PASS" signature="setUp()[pri:0, instance:Signup_Login.SeleniumGrid@573f2bb1]" name="setUp" is-config="true" duration-ms="4342" started-at="2017-07-14T18:05:08Z" finished-at="2017-07-14T18:05:12Z">
          <reporter-output>
          </reporter-output>
        </test-method> <!-- setUp -->
        <test-method status="PASS" signature="simpleTest()[pri:0, instance:Signup_Login.SeleniumGrid@573f2bb1]" name="simpleTest" is-config="true" duration-ms="7155" started-at="2017-07-14T18:05:12Z" finished-at="2017-07-14T18:05:19Z">
          <reporter-output>
          </reporter-output>
        </test-method> <!-- simpleTest -->
        <test-method status="PASS" signature="loginlogout()[pri:0, instance:Signup_Login.SeleniumGrid@573f2bb1]" name="loginlogout" duration-ms="39435" started-at="2017-07-14T18:05:19Z" finished-at="2017-07-14T18:05:59Z">
          <reporter-output>
          </reporter-output>
        </test-method> <!-- loginlogout -->
        <test-method status="PASS" signature="verifyremembermecheckbox()[pri:1, instance:Signup_Login.SeleniumGrid@573f2bb1]" name="verifyremembermecheckbox" duration-ms="25185" started-at="2017-07-14T18:05:59Z" finished-at="2017-07-14T18:06:24Z">
          <reporter-output>
          </reporter-output>
        </test-method> <!-- verifyremembermecheckbox -->
        <test-method status="PASS" signature="testforgetpassword()[pri:2, instance:Signup_Login.SeleniumGrid@573f2bb1]" name="testforgetpassword" duration-ms="18734" started-at="2017-07-14T18:06:24Z" finished-at="2017-07-14T18:06:42Z">
          <reporter-output>
          </reporter-output>
        </test-method> <!-- testforgetpassword -->
        <test-method status="PASS" signature="CloseBrowser()[pri:0, instance:Signup_Login.SeleniumGrid@573f2bb1]" name="CloseBrowser" is-config="true" duration-ms="1" started-at="2017-07-14T18:06:42Z" finished-at="2017-07-14T18:06:42Z">
          <reporter-output>
          </reporter-output>
        </test-method> <!-- CloseBrowser -->
      </class> <!-- Signup_Login.SeleniumGrid -->
    </test> <!-- Default test -->
  </suite> <!-- Default suite -->
</testng-results>
